[debug] [2020-06-08T11:39:23.752Z] ----------------------------------------------------------------------
[debug] [2020-06-08T11:39:23.755Z] Command:       C:\Program Files\nodejs\node.exe C:\Users\Risa\AppData\Roaming\npm\node_modules\firebase-tools\lib\bin\firebase.js serve
[debug] [2020-06-08T11:39:23.756Z] CLI Version:   7.3.1
[debug] [2020-06-08T11:39:23.756Z] Platform:      win32
[debug] [2020-06-08T11:39:23.756Z] Node Version:  v10.16.3
[debug] [2020-06-08T11:39:23.763Z] Time:          Mon Jun 08 2020 20:39:23 GMT+0900 (GMT+09:00)
[debug] [2020-06-08T11:39:23.763Z] ----------------------------------------------------------------------
[debug] 
[debug] [2020-06-08T11:39:23.771Z] > command requires scopes: ["email","openid","https://www.googleapis.com/auth/cloudplatformprojects.readonly","https://www.googleapis.com/auth/firebase","https://www.googleapis.com/auth/cloud-platform"]
[debug] [2020-06-08T11:39:23.771Z] > authorizing via signed-in user
[debug] [2020-06-08T11:39:23.771Z] [iam] checking project my-stocks-89b47 for permissions ["firebase.projects.get"]
[debug] [2020-06-08T11:39:23.773Z] > refreshing access token with scopes: ["email","https://www.googleapis.com/auth/cloud-platform","https://www.googleapis.com/auth/cloudplatformprojects.readonly","https://www.googleapis.com/auth/firebase","openid"]
[debug] [2020-06-08T11:39:23.773Z] >>> HTTP REQUEST POST https://www.googleapis.com/oauth2/v3/token  
 <request body omitted>
[debug] [2020-06-08T11:39:24.045Z] <<< HTTP RESPONSE 200
[debug] [2020-06-08T11:39:24.062Z] >>> HTTP REQUEST POST https://cloudresourcemanager.googleapis.com/v1/projects/my-stocks-89b47:testIamPermissions  

[debug] [2020-06-08T11:39:24.847Z] <<< HTTP RESPONSE 200
[debug] [2020-06-08T11:39:24.850Z] >>> HTTP REQUEST GET https://firebase.googleapis.com/v1beta1/projects/my-stocks-89b47  
 
[debug] [2020-06-08T11:39:25.396Z] <<< HTTP RESPONSE 200
[info] 
[info] === Serving from 'C:\Users\Risa\Documents\workspace\my-stocks'...
[info] 
[debug] [2020-06-08T11:39:25.407Z] >>> HTTP REQUEST GET https://firebase.googleapis.com/v1beta1/projects/my-stocks-89b47/webApps/-/config  
 
[debug] [2020-06-08T11:39:26.515Z] <<< HTTP RESPONSE 200
[info] i  hosting[ristock]: Serving hosting files from: build
[info] +  hosting[ristock]: Local server: http://localhost:5000
